# JRE version: OpenJDK Runtime Environment (8.0_212-b04) (build 1.8.0_212-release-1586-b04)
# Java VM: OpenJDK 64-Bit Server VM (25.212-b04 mixed mode windows-amd64 compressed oops)
Heap:
 PSYoungGen      total 188416K, used 35847K [0x000000076b380000, 0x0000000778100000, 0x00000007c0000000)
  eden space 177664K, 14% used [0x000000076b380000,0x000000076cc08640,0x0000000776100000)
  from space 10752K, 99% used [0x0000000777680000,0x00000007780f98c0,0x0000000778100000)
  to   space 10752K, 0% used [0x0000000776c00000,0x0000000776c00000,0x0000000777680000)
 ParOldGen       total 115200K, used 44248K [0x00000006c1a00000, 0x00000006c8a80000, 0x000000076b380000)
  object space 115200K, 38% used [0x00000006c1a00000,0x00000006c45363f8,0x00000006c8a80000)
 Metaspace       used 46197K, capacity 47065K, committed 47360K, reserved 1091584K
  class space    used 5600K, capacity 5836K, committed 5888K, reserved 1048576K
GC Heap History (10 events):
Event: 1.697 GC heap before
{Heap before GC invocations=2 (full 0):
 PSYoungGen      total 76288K, used 28436K [0x000000076b380000, 0x0000000774880000, 0x00000007c0000000)
  eden space 65536K, 27% used [0x000000076b380000,0x000000076c4c9ce8,0x000000076f380000)
  from space 10752K, 99% used [0x000000076f380000,0x000000076fdfb638,0x000000076fe00000)
  to   space 10752K, 0% used [0x0000000773e00000,0x0000000773e00000,0x0000000774880000)
 ParOldGen       total 175104K, used 4832K [0x00000006c1a00000, 0x00000006cc500000, 0x000000076b380000)
  object space 175104K, 2% used [0x00000006c1a00000,0x00000006c1eb8008,0x00000006cc500000)
 Metaspace       used 20743K, capacity 21136K, committed 21296K, reserved 1069056K
  class space    used 2464K, capacity 2623K, committed 2688K, reserved 1048576K
Event: 1.710 GC heap after
Heap after GC invocations=2 (full 0):
 PSYoungGen      total 141824K, used 9134K [0x000000076b380000, 0x0000000774880000, 0x00000007c0000000)
  eden space 131072K, 0% used [0x000000076b380000,0x000000076b380000,0x0000000773380000)
  from space 10752K, 84% used [0x0000000773e00000,0x00000007746ebb78,0x0000000774880000)
  to   space 10752K, 0% used [0x0000000773380000,0x0000000773380000,0x0000000773e00000)
 ParOldGen       total 175104K, used 4904K [0x00000006c1a00000, 0x00000006cc500000, 0x000000076b380000)
  object space 175104K, 2% used [0x00000006c1a00000,0x00000006c1eca018,0x00000006cc500000)
 Metaspace       used 20743K, capacity 21136K, committed 21296K, reserved 1069056K
  class space    used 2464K, capacity 2623K, committed 2688K, reserved 1048576K
}
Event: 1.710 GC heap before
{Heap before GC invocations=3 (full 1):
 PSYoungGen      total 141824K, used 9134K [0x000000076b380000, 0x0000000774880000, 0x00000007c0000000)
  eden space 131072K, 0% used [0x000000076b380000,0x000000076b380000,0x0000000773380000)
  from space 10752K, 84% used [0x0000000773e00000,0x00000007746ebb78,0x0000000774880000)
  to   space 10752K, 0% used [0x0000000773380000,0x0000000773380000,0x0000000773e00000)
 ParOldGen       total 175104K, used 4904K [0x00000006c1a00000, 0x00000006cc500000, 0x000000076b380000)
  object space 175104K, 2% used [0x00000006c1a00000,0x00000006c1eca018,0x00000006cc500000)
 Metaspace       used 20743K, capacity 21136K, committed 21296K, reserved 1069056K
  class space    used 2464K, capacity 2623K, committed 2688K, reserved 1048576K
Event: 1.756 GC heap after
Heap after GC invocations=3 (full 1):
 PSYoungGen      total 141824K, used 0K [0x000000076b380000, 0x0000000774880000, 0x00000007c0000000)
  eden space 131072K, 0% used [0x000000076b380000,0x000000076b380000,0x0000000773380000)
  from space 10752K, 0% used [0x0000000773e00000,0x0000000773e00000,0x0000000774880000)
  to   space 10752K, 0% used [0x0000000773380000,0x0000000773380000,0x0000000773e00000)
 ParOldGen       total 115200K, used 8875K [0x00000006c1a00000, 0x00000006c8a80000, 0x000000076b380000)
  object space 115200K, 7% used [0x00000006c1a00000,0x00000006c22aaf00,0x00000006c8a80000)
 Metaspace       used 20743K, capacity 21136K, committed 21296K, reserved 1069056K
  class space    used 2464K, capacity 2623K, committed 2688K, reserved 1048576K
}
Event: 3.257 GC heap before
{Heap before GC invocations=4 (full 1):
 PSYoungGen      total 141824K, used 90442K [0x000000076b380000, 0x0000000774880000, 0x00000007c0000000)
  eden space 131072K, 69% used [0x000000076b380000,0x0000000770bd2af0,0x0000000773380000)
  from space 10752K, 0% used [0x0000000773e00000,0x0000000773e00000,0x0000000774880000)
  to   space 10752K, 0% used [0x0000000773380000,0x0000000773380000,0x0000000773e00000)
 ParOldGen       total 115200K, used 8875K [0x00000006c1a00000, 0x00000006c8a80000, 0x000000076b380000)
  object space 115200K, 7% used [0x00000006c1a00000,0x00000006c22aaf00,0x00000006c8a80000)
 Metaspace       used 34700K, capacity 35274K, committed 35496K, reserved 1081344K
  class space    used 4454K, capacity 4594K, committed 4608K, reserved 1048576K
Event: 3.277 GC heap after
Heap after GC invocations=4 (full 1):
 PSYoungGen      total 141824K, used 10747K [0x000000076b380000, 0x0000000778100000, 0x00000007c0000000)
  eden space 131072K, 0% used [0x000000076b380000,0x000000076b380000,0x0000000773380000)
  from space 10752K, 99% used [0x0000000773380000,0x0000000773dfed88,0x0000000773e00000)
  to   space 10752K, 0% used [0x0000000777680000,0x0000000777680000,0x0000000778100000)
 ParOldGen       total 115200K, used 20449K [0x00000006c1a00000, 0x00000006c8a80000, 0x000000076b380000)
  object space 115200K, 17% used [0x00000006c1a00000,0x00000006c2df86d0,0x00000006c8a80000)
 Metaspace       used 34700K, capacity 35274K, committed 35496K, reserved 1081344K
  class space    used 4454K, capacity 4594K, committed 4608K, reserved 1048576K
}
Event: 3.277 GC heap before
{Heap before GC invocations=5 (full 2):
 PSYoungGen      total 141824K, used 10747K [0x000000076b380000, 0x0000000778100000, 0x00000007c0000000)
  eden space 131072K, 0% used [0x000000076b380000,0x000000076b380000,0x0000000773380000)
  from space 10752K, 99% used [0x0000000773380000,0x0000000773dfed88,0x0000000773e00000)
  to   space 10752K, 0% used [0x0000000777680000,0x0000000777680000,0x0000000778100000)
 ParOldGen       total 115200K, used 20449K [0x00000006c1a00000, 0x00000006c8a80000, 0x000000076b380000)
  object space 115200K, 17% used [0x00000006c1a00000,0x00000006c2df86d0,0x00000006c8a80000)
 Metaspace       used 34700K, capacity 35274K, committed 35496K, reserved 1081344K
  class space    used 4454K, capacity 4594K, committed 4608K, reserved 1048576K
Event: 3.338 GC heap after
Heap after GC invocations=5 (full 2):
 PSYoungGen      total 141824K, used 0K [0x000000076b380000, 0x0000000778100000, 0x00000007c0000000)
  eden space 131072K, 0% used [0x000000076b380000,0x000000076b380000,0x0000000773380000)
  from space 10752K, 0% used [0x0000000773380000,0x0000000773380000,0x0000000773e00000)
  to   space 10752K, 0% used [0x0000000777680000,0x0000000777680000,0x0000000778100000)
 ParOldGen       total 115200K, used 27372K [0x00000006c1a00000, 0x00000006c8a80000, 0x000000076b380000)
  object space 115200K, 23% used [0x00000006c1a00000,0x00000006c34bb130,0x00000006c8a80000)
 Metaspace       used 34700K, capacity 35274K, committed 35496K, reserved 1081344K
  class space    used 4454K, capacity 4594K, committed 4608K, reserved 1048576K
}
Event: 5.797 GC heap before
{Heap before GC invocations=6 (full 2):
 PSYoungGen      total 141824K, used 131072K [0x000000076b380000, 0x0000000778100000, 0x00000007c0000000)
  eden space 131072K, 100% used [0x000000076b380000,0x0000000773380000,0x0000000773380000)
  from space 10752K, 0% used [0x0000000773380000,0x0000000773380000,0x0000000773e00000)
  to   space 10752K, 0% used [0x0000000777680000,0x0000000777680000,0x0000000778100000)
 ParOldGen       total 115200K, used 27372K [0x00000006c1a00000, 0x00000006c8a80000, 0x000000076b380000)
  object space 115200K, 23% used [0x00000006c1a00000,0x00000006c34bb130,0x00000006c8a80000)
 Metaspace       used 44426K, capacity 45179K, committed 45568K, reserved 1089536K
  class space    used 5429K, capacity 5619K, committed 5632K, reserved 1048576K
Event: 5.822 GC heap after
Heap after GC invocations=6 (full 2):
 PSYoungGen      total 188416K, used 10726K [0x000000076b380000, 0x0000000778100000, 0x00000007c0000000)
  eden space 177664K, 0% used [0x000000076b380000,0x000000076b380000,0x0000000776100000)
  from space 10752K, 99% used [0x0000000777680000,0x00000007780f98c0,0x0000000778100000)
  to   space 10752K, 0% used [0x0000000776c00000,0x0000000776c00000,0x0000000777680000)
 ParOldGen       total 115200K, used 44248K [0x00000006c1a00000, 0x00000006c8a80000, 0x000000076b380000)
  object space 115200K, 38% used [0x00000006c1a00000,0x00000006c45363f8,0x00000006c8a80000)
 Metaspace       used 44426K, capacity 45179K, committed 45568K, reserved 1089536K
  class space    used 5429K, capacity 5619K, committed 5632K, reserved 1048576K
}

