# JRE version: OpenJDK Runtime Environment (8.0_212-b04) (build 1.8.0_212-release-1586-b04)
# Java VM: OpenJDK 64-Bit Server VM (25.212-b04 mixed mode windows-amd64 compressed oops)
Heap:
 PSYoungGen      total 454656K, used 169441K [0x00000000e0000000, 0x0000000100000000, 0x0000000100000000)
  eden space 421888K, 40% used [0x00000000e0000000,0x00000000ea5787d0,0x00000000f9c00000)
  from space 32768K, 0% used [0x00000000fe000000,0x00000000fe000000,0x0000000100000000)
  to   space 51200K, 0% used [0x00000000f9c00000,0x00000000f9c00000,0x00000000fce00000)
 ParOldGen       total 235520K, used 65330K [0x00000000a0000000, 0x00000000ae600000, 0x00000000e0000000)
  object space 235520K, 27% used [0x00000000a0000000,0x00000000a3fccad0,0x00000000ae600000)
 Metaspace       used 93380K, capacity 97818K, committed 98432K, reserved 1134592K
  class space    used 12124K, capacity 13051K, committed 13184K, reserved 1048576K
GC Heap History (10 events):
Event: 15.059 GC heap before
{Heap before GC invocations=10 (full 3):
 PSYoungGen      total 323584K, used 14545K [0x00000000e0000000, 0x00000000fff80000, 0x0000000100000000)
  eden space 297984K, 0% used [0x00000000e0000000,0x00000000e0000000,0x00000000f2300000)
  from space 25600K, 56% used [0x00000000f2300000,0x00000000f31347f0,0x00000000f3c00000)
  to   space 24576K, 0% used [0x00000000fe780000,0x00000000fe780000,0x00000000fff80000)
 ParOldGen       total 174080K, used 31534K [0x00000000a0000000, 0x00000000aaa00000, 0x00000000e0000000)
  object space 174080K, 18% used [0x00000000a0000000,0x00000000a1ecb8f8,0x00000000aaa00000)
 Metaspace       used 57135K, capacity 59016K, committed 59096K, reserved 1099776K
  class space    used 7829K, capacity 8277K, committed 8320K, reserved 1048576K
Event: 15.336 GC heap after
Heap after GC invocations=10 (full 3):
 PSYoungGen      total 323584K, used 0K [0x00000000e0000000, 0x00000000fff80000, 0x0000000100000000)
  eden space 297984K, 0% used [0x00000000e0000000,0x00000000e0000000,0x00000000f2300000)
  from space 25600K, 0% used [0x00000000f2300000,0x00000000f2300000,0x00000000f3c00000)
  to   space 24576K, 0% used [0x00000000fe780000,0x00000000fe780000,0x00000000fff80000)
 ParOldGen       total 235520K, used 28979K [0x00000000a0000000, 0x00000000ae600000, 0x00000000e0000000)
  object space 235520K, 12% used [0x00000000a0000000,0x00000000a1c4cde8,0x00000000ae600000)
 Metaspace       used 57135K, capacity 59016K, committed 59096K, reserved 1099776K
  class space    used 7829K, capacity 8277K, committed 8320K, reserved 1048576K
}
Event: 21.700 GC heap before
{Heap before GC invocations=11 (full 3):
 PSYoungGen      total 323584K, used 297984K [0x00000000e0000000, 0x00000000fff80000, 0x0000000100000000)
  eden space 297984K, 100% used [0x00000000e0000000,0x00000000f2300000,0x00000000f2300000)
  from space 25600K, 0% used [0x00000000f2300000,0x00000000f2300000,0x00000000f3c00000)
  to   space 24576K, 0% used [0x00000000fe780000,0x00000000fe780000,0x00000000fff80000)
 ParOldGen       total 235520K, used 28979K [0x00000000a0000000, 0x00000000ae600000, 0x00000000e0000000)
  object space 235520K, 12% used [0x00000000a0000000,0x00000000a1c4cde8,0x00000000ae600000)
 Metaspace       used 69918K, capacity 72404K, committed 72576K, reserved 1112064K
  class space    used 9515K, capacity 10077K, committed 10112K, reserved 1048576K
Event: 21.747 GC heap after
Heap after GC invocations=11 (full 3):
 PSYoungGen      total 465920K, used 24571K [0x00000000e0000000, 0x00000000fff80000, 0x0000000100000000)
  eden space 441344K, 0% used [0x00000000e0000000,0x00000000e0000000,0x00000000faf00000)
  from space 24576K, 99% used [0x00000000fe780000,0x00000000fff7ee40,0x00000000fff80000)
  to   space 32256K, 0% used [0x00000000fc080000,0x00000000fc080000,0x00000000fe000000)
 ParOldGen       total 235520K, used 38699K [0x00000000a0000000, 0x00000000ae600000, 0x00000000e0000000)
  object space 235520K, 16% used [0x00000000a0000000,0x00000000a25caf18,0x00000000ae600000)
 Metaspace       used 69918K, capacity 72404K, committed 72576K, reserved 1112064K
  class space    used 9515K, capacity 10077K, committed 10112K, reserved 1048576K
}
Event: 3918.795 GC heap before
{Heap before GC invocations=12 (full 3):
 PSYoungGen      total 465920K, used 465915K [0x00000000e0000000, 0x00000000fff80000, 0x0000000100000000)
  eden space 441344K, 100% used [0x00000000e0000000,0x00000000faf00000,0x00000000faf00000)
  from space 24576K, 99% used [0x00000000fe780000,0x00000000fff7ee40,0x00000000fff80000)
  to   space 32256K, 0% used [0x00000000fc080000,0x00000000fc080000,0x00000000fe000000)
 ParOldGen       total 235520K, used 38699K [0x00000000a0000000, 0x00000000ae600000, 0x00000000e0000000)
  object space 235520K, 16% used [0x00000000a0000000,0x00000000a25caf18,0x00000000ae600000)
 Metaspace       used 81253K, capacity 84750K, committed 84864K, reserved 1122304K
  class space    used 10658K, capacity 11375K, committed 11392K, reserved 1048576K
Event: 3918.944 GC heap after
Heap after GC invocations=12 (full 3):
 PSYoungGen      total 491520K, used 32244K [0x00000000e0000000, 0x0000000100000000, 0x0000000100000000)
  eden space 459264K, 0% used [0x00000000e0000000,0x00000000e0000000,0x00000000fc080000)
  from space 32256K, 99% used [0x00000000fc080000,0x00000000fdffd330,0x00000000fe000000)
  to   space 32768K, 0% used [0x00000000fe000000,0x00000000fe000000,0x0000000100000000)
 ParOldGen       total 235520K, used 45439K [0x00000000a0000000, 0x00000000ae600000, 0x00000000e0000000)
  object space 235520K, 19% used [0x00000000a0000000,0x00000000a2c5ffb0,0x00000000ae600000)
 Metaspace       used 81253K, capacity 84750K, committed 84864K, reserved 1122304K
  class space    used 10658K, capacity 11375K, committed 11392K, reserved 1048576K
}
Event: 4342.906 GC heap before
{Heap before GC invocations=13 (full 3):
 PSYoungGen      total 491520K, used 480537K [0x00000000e0000000, 0x0000000100000000, 0x0000000100000000)
  eden space 459264K, 97% used [0x00000000e0000000,0x00000000fb5c9170,0x00000000fc080000)
  from space 32256K, 99% used [0x00000000fc080000,0x00000000fdffd330,0x00000000fe000000)
  to   space 32768K, 0% used [0x00000000fe000000,0x00000000fe000000,0x0000000100000000)
 ParOldGen       total 235520K, used 45439K [0x00000000a0000000, 0x00000000ae600000, 0x00000000e0000000)
  object space 235520K, 19% used [0x00000000a0000000,0x00000000a2c5ffb0,0x00000000ae600000)
 Metaspace       used 92264K, capacity 97030K, committed 97280K, reserved 1134592K
  class space    used 12055K, capacity 13047K, committed 13056K, reserved 1048576K
Event: 4342.979 GC heap after
Heap after GC invocations=13 (full 3):
 PSYoungGen      total 454656K, used 32753K [0x00000000e0000000, 0x0000000100000000, 0x0000000100000000)
  eden space 421888K, 0% used [0x00000000e0000000,0x00000000e0000000,0x00000000f9c00000)
  from space 32768K, 99% used [0x00000000fe000000,0x00000000ffffc480,0x0000000100000000)
  to   space 51200K, 0% used [0x00000000f9c00000,0x00000000f9c00000,0x00000000fce00000)
 ParOldGen       total 235520K, used 67900K [0x00000000a0000000, 0x00000000ae600000, 0x00000000e0000000)
  object space 235520K, 28% used [0x00000000a0000000,0x00000000a424f330,0x00000000ae600000)
 Metaspace       used 92264K, capacity 97030K, committed 97280K, reserved 1134592K
  class space    used 12055K, capacity 13047K, committed 13056K, reserved 1048576K
}
Event: 4342.980 GC heap before
{Heap before GC invocations=14 (full 4):
 PSYoungGen      total 454656K, used 32753K [0x00000000e0000000, 0x0000000100000000, 0x0000000100000000)
  eden space 421888K, 0% used [0x00000000e0000000,0x00000000e0000000,0x00000000f9c00000)
  from space 32768K, 99% used [0x00000000fe000000,0x00000000ffffc480,0x0000000100000000)
  to   space 51200K, 0% used [0x00000000f9c00000,0x00000000f9c00000,0x00000000fce00000)
 ParOldGen       total 235520K, used 67900K [0x00000000a0000000, 0x00000000ae600000, 0x00000000e0000000)
  object space 235520K, 28% used [0x00000000a0000000,0x00000000a424f330,0x00000000ae600000)
 Metaspace       used 92264K, capacity 97030K, committed 97280K, reserved 1134592K
  class space    used 12055K, capacity 13047K, committed 13056K, reserved 1048576K
Event: 4343.450 GC heap after
Heap after GC invocations=14 (full 4):
 PSYoungGen      total 454656K, used 0K [0x00000000e0000000, 0x0000000100000000, 0x0000000100000000)
  eden space 421888K, 0% used [0x00000000e0000000,0x00000000e0000000,0x00000000f9c00000)
  from space 32768K, 0% used [0x00000000fe000000,0x00000000fe000000,0x0000000100000000)
  to   space 51200K, 0% used [0x00000000f9c00000,0x00000000f9c00000,0x00000000fce00000)
 ParOldGen       total 235520K, used 65330K [0x00000000a0000000, 0x00000000ae600000, 0x00000000e0000000)
  object space 235520K, 27% used [0x00000000a0000000,0x00000000a3fccad0,0x00000000ae600000)
 Metaspace       used 91315K, capacity 95528K, committed 97280K, reserved 1134592K
  class space    used 11865K, capacity 12744K, committed 13056K, reserved 1048576K
}

