# JRE version: OpenJDK Runtime Environment (8.0_212-b04) (build 1.8.0_212-release-1586-b04)
# Java VM: OpenJDK 64-Bit Server VM (25.212-b04 mixed mode windows-amd64 compressed oops)
Heap:
 PSYoungGen      total 460800K, used 173524K [0x00000000e0000000, 0x0000000100000000, 0x0000000100000000)
  eden space 423936K, 32% used [0x00000000e0000000,0x00000000e8576408,0x00000000f9e00000)
  from space 36864K, 99% used [0x00000000fdc00000,0x00000000ffffec78,0x0000000100000000)
  to   space 50176K, 0% used [0x00000000f9e00000,0x00000000f9e00000,0x00000000fcf00000)
 ParOldGen       total 249856K, used 58958K [0x00000000a0000000, 0x00000000af400000, 0x00000000e0000000)
  object space 249856K, 23% used [0x00000000a0000000,0x00000000a3993bb0,0x00000000af400000)
 Metaspace       used 91640K, capacity 95656K, committed 95872K, reserved 1132544K
  class space    used 11712K, capacity 12550K, committed 12672K, reserved 1048576K
GC Heap History (10 events):
Event: 17.489 GC heap before
{Heap before GC invocations=9 (full 2):
 PSYoungGen      total 303616K, used 65634K [0x00000000e0000000, 0x00000000f9b80000, 0x0000000100000000)
  eden space 286208K, 16% used [0x00000000e0000000,0x00000000e2f1ded8,0x00000000f1780000)
  from space 17408K, 99% used [0x00000000f3080000,0x00000000f417ab68,0x00000000f4180000)
  to   space 25600K, 0% used [0x00000000f1780000,0x00000000f1780000,0x00000000f3080000)
 ParOldGen       total 172544K, used 24401K [0x00000000a0000000, 0x00000000aa880000, 0x00000000e0000000)
  object space 172544K, 14% used [0x00000000a0000000,0x00000000a17d4690,0x00000000aa880000)
 Metaspace       used 57090K, capacity 59012K, committed 59136K, reserved 1099776K
  class space    used 7608K, capacity 8089K, committed 8192K, reserved 1048576K
Event: 17.526 GC heap after
Heap after GC invocations=9 (full 2):
 PSYoungGen      total 311808K, used 19697K [0x00000000e0000000, 0x00000000fcc80000, 0x0000000100000000)
  eden space 286208K, 0% used [0x00000000e0000000,0x00000000e0000000,0x00000000f1780000)
  from space 25600K, 76% used [0x00000000f1780000,0x00000000f2abc5f0,0x00000000f3080000)
  to   space 27648K, 0% used [0x00000000fb180000,0x00000000fb180000,0x00000000fcc80000)
 ParOldGen       total 172544K, used 24409K [0x00000000a0000000, 0x00000000aa880000, 0x00000000e0000000)
  object space 172544K, 14% used [0x00000000a0000000,0x00000000a17d6690,0x00000000aa880000)
 Metaspace       used 57090K, capacity 59012K, committed 59136K, reserved 1099776K
  class space    used 7608K, capacity 8089K, committed 8192K, reserved 1048576K
}
Event: 17.526 GC heap before
{Heap before GC invocations=10 (full 3):
 PSYoungGen      total 311808K, used 19697K [0x00000000e0000000, 0x00000000fcc80000, 0x0000000100000000)
  eden space 286208K, 0% used [0x00000000e0000000,0x00000000e0000000,0x00000000f1780000)
  from space 25600K, 76% used [0x00000000f1780000,0x00000000f2abc5f0,0x00000000f3080000)
  to   space 27648K, 0% used [0x00000000fb180000,0x00000000fb180000,0x00000000fcc80000)
 ParOldGen       total 172544K, used 24409K [0x00000000a0000000, 0x00000000aa880000, 0x00000000e0000000)
  object space 172544K, 14% used [0x00000000a0000000,0x00000000a17d6690,0x00000000aa880000)
 Metaspace       used 57090K, capacity 59012K, committed 59136K, reserved 1099776K
  class space    used 7608K, capacity 8089K, committed 8192K, reserved 1048576K
Event: 17.824 GC heap after
Heap after GC invocations=10 (full 3):
 PSYoungGen      total 311808K, used 0K [0x00000000e0000000, 0x00000000fcc80000, 0x0000000100000000)
  eden space 286208K, 0% used [0x00000000e0000000,0x00000000e0000000,0x00000000f1780000)
  from space 25600K, 0% used [0x00000000f1780000,0x00000000f1780000,0x00000000f3080000)
  to   space 27648K, 0% used [0x00000000fb180000,0x00000000fb180000,0x00000000fcc80000)
 ParOldGen       total 249856K, used 32892K [0x00000000a0000000, 0x00000000af400000, 0x00000000e0000000)
  object space 249856K, 13% used [0x00000000a0000000,0x00000000a201f148,0x00000000af400000)
 Metaspace       used 57045K, capacity 58856K, committed 59136K, reserved 1099776K
  class space    used 7596K, capacity 8042K, committed 8192K, reserved 1048576K
}
Event: 26.552 GC heap before
{Heap before GC invocations=11 (full 3):
 PSYoungGen      total 311808K, used 286208K [0x00000000e0000000, 0x00000000fcc80000, 0x0000000100000000)
  eden space 286208K, 100% used [0x00000000e0000000,0x00000000f1780000,0x00000000f1780000)
  from space 25600K, 0% used [0x00000000f1780000,0x00000000f1780000,0x00000000f3080000)
  to   space 27648K, 0% used [0x00000000fb180000,0x00000000fb180000,0x00000000fcc80000)
 ParOldGen       total 249856K, used 32892K [0x00000000a0000000, 0x00000000af400000, 0x00000000e0000000)
  object space 249856K, 13% used [0x00000000a0000000,0x00000000a201f148,0x00000000af400000)
 Metaspace       used 70305K, capacity 72976K, committed 73216K, reserved 1112064K
  class space    used 9386K, capacity 9971K, committed 9984K, reserved 1048576K
Event: 26.590 GC heap after
Heap after GC invocations=11 (full 3):
 PSYoungGen      total 412672K, used 24523K [0x00000000e0000000, 0x00000000fc980000, 0x0000000100000000)
  eden space 388096K, 0% used [0x00000000e0000000,0x00000000e0000000,0x00000000f7b00000)
  from space 24576K, 99% used [0x00000000fb180000,0x00000000fc972f80,0x00000000fc980000)
  to   space 30720K, 0% used [0x00000000f8d80000,0x00000000f8d80000,0x00000000fab80000)
 ParOldGen       total 249856K, used 32900K [0x00000000a0000000, 0x00000000af400000, 0x00000000e0000000)
  object space 249856K, 13% used [0x00000000a0000000,0x00000000a2021148,0x00000000af400000)
 Metaspace       used 70305K, capacity 72976K, committed 73216K, reserved 1112064K
  class space    used 9386K, capacity 9971K, committed 9984K, reserved 1048576K
}
Event: 33.746 GC heap before
{Heap before GC invocations=12 (full 3):
 PSYoungGen      total 412672K, used 412619K [0x00000000e0000000, 0x00000000fc980000, 0x0000000100000000)
  eden space 388096K, 100% used [0x00000000e0000000,0x00000000f7b00000,0x00000000f7b00000)
  from space 24576K, 99% used [0x00000000fb180000,0x00000000fc972f80,0x00000000fc980000)
  to   space 30720K, 0% used [0x00000000f8d80000,0x00000000f8d80000,0x00000000fab80000)
 ParOldGen       total 249856K, used 32900K [0x00000000a0000000, 0x00000000af400000, 0x00000000e0000000)
  object space 249856K, 13% used [0x00000000a0000000,0x00000000a2021148,0x00000000af400000)
 Metaspace       used 78953K, capacity 82092K, committed 82304K, reserved 1120256K
  class space    used 10471K, capacity 11085K, committed 11136K, reserved 1048576K
Event: 33.818 GC heap after
Heap after GC invocations=12 (full 3):
 PSYoungGen      total 437760K, used 30713K [0x00000000e0000000, 0x0000000100000000, 0x0000000100000000)
  eden space 407040K, 0% used [0x00000000e0000000,0x00000000e0000000,0x00000000f8d80000)
  from space 30720K, 99% used [0x00000000f8d80000,0x00000000fab7e620,0x00000000fab80000)
  to   space 36864K, 0% used [0x00000000fdc00000,0x00000000fdc00000,0x0000000100000000)
 ParOldGen       total 249856K, used 36414K [0x00000000a0000000, 0x00000000af400000, 0x00000000e0000000)
  object space 249856K, 14% used [0x00000000a0000000,0x00000000a238fae0,0x00000000af400000)
 Metaspace       used 78953K, capacity 82092K, committed 82304K, reserved 1120256K
  class space    used 10471K, capacity 11085K, committed 11136K, reserved 1048576K
}
Event: 2826.094 GC heap before
{Heap before GC invocations=13 (full 3):
 PSYoungGen      total 437760K, used 437753K [0x00000000e0000000, 0x0000000100000000, 0x0000000100000000)
  eden space 407040K, 100% used [0x00000000e0000000,0x00000000f8d80000,0x00000000f8d80000)
  from space 30720K, 99% used [0x00000000f8d80000,0x00000000fab7e620,0x00000000fab80000)
  to   space 36864K, 0% used [0x00000000fdc00000,0x00000000fdc00000,0x0000000100000000)
 ParOldGen       total 249856K, used 36414K [0x00000000a0000000, 0x00000000af400000, 0x00000000e0000000)
  object space 249856K, 14% used [0x00000000a0000000,0x00000000a238fae0,0x00000000af400000)
 Metaspace       used 90156K, capacity 94060K, committed 94336K, reserved 1130496K
  class space    used 11543K, capacity 12366K, committed 12416K, reserved 1048576K
Event: 2826.375 GC heap after
Heap after GC invocations=13 (full 3):
 PSYoungGen      total 460800K, used 36859K [0x00000000e0000000, 0x0000000100000000, 0x0000000100000000)
  eden space 423936K, 0% used [0x00000000e0000000,0x00000000e0000000,0x00000000f9e00000)
  from space 36864K, 99% used [0x00000000fdc00000,0x00000000ffffec78,0x0000000100000000)
  to   space 50176K, 0% used [0x00000000f9e00000,0x00000000f9e00000,0x00000000fcf00000)
 ParOldGen       total 249856K, used 58958K [0x00000000a0000000, 0x00000000af400000, 0x00000000e0000000)
  object space 249856K, 23% used [0x00000000a0000000,0x00000000a3993bb0,0x00000000af400000)
 Metaspace       used 90156K, capacity 94060K, committed 94336K, reserved 1130496K
  class space    used 11543K, capacity 12366K, committed 12416K, reserved 1048576K
}

